2017-10-26 17:16:58 - PHP Notice:  Undefined variable: class_suffix in C:\xampp\htdocs\oc2\catalog\view\theme\so-revo\template\extension\module\so_latest_blog\default.tpl on line 1
2017-10-26 17:20:31 - PHP Notice:  Undefined variable: class_suffix in C:\xampp\htdocs\oc2\catalog\view\theme\so-revo\template\extension\module\so_latest_blog\default.tpl on line 1
2017-10-26 17:23:45 - PHP Notice:  Undefined variable: class_suffix in C:\xampp\htdocs\oc2\catalog\view\theme\so-revo\template\extension\module\so_latest_blog\default.tpl on line 1
2017-10-26 17:25:10 - PHP Notice:  Undefined variable: typeheader in C:\xampp\htdocs\oc2\system\soconfig\classes\soconfig.php on line 194
2017-10-26 17:25:10 - PHP Notice:  Undefined variable: typeheader in C:\xampp\htdocs\oc2\system\soconfig\classes\soconfig.php on line 195
2017-10-26 17:25:10 - PHP Notice:  Undefined variable: typefooter in C:\xampp\htdocs\oc2\system\soconfig\classes\soconfig.php on line 196
2017-10-26 17:25:10 - PHP Notice:  Undefined variable: typefooter in C:\xampp\htdocs\oc2\system\soconfig\classes\soconfig.php on line 197
2017-10-26 17:25:23 - PHP Notice:  Undefined variable: class_suffix in C:\xampp\htdocs\oc2\catalog\view\theme\so-revo\template\extension\module\so_latest_blog\default.tpl on line 1
2017-10-26 17:26:36 - PHP Notice:  Undefined variable: class_suffix in C:\xampp\htdocs\oc2\catalog\view\theme\so-revo\template\extension\module\so_latest_blog\default.tpl on line 1
2017-10-26 17:27:07 - PHP Notice:  Undefined variable: class_suffix in C:\xampp\htdocs\oc2\catalog\view\theme\so-revo\template\extension\module\so_latest_blog\default.tpl on line 1
2017-10-26 17:27:52 - PHP Notice:  Undefined variable: class_suffix in C:\xampp\htdocs\oc2\catalog\view\theme\so-revo\template\extension\module\so_latest_blog\default.tpl on line 1
2017-10-26 17:35:51 - PHP Notice:  Undefined variable: class_suffix in C:\xampp\htdocs\oc2\catalog\view\theme\so-revo\template\extension\module\so_latest_blog\default.tpl on line 1
2017-10-26 17:36:12 - PHP Notice:  Undefined variable: class_suffix in C:\xampp\htdocs\oc2\catalog\view\theme\so-revo\template\extension\module\so_latest_blog\default.tpl on line 1
2017-10-26 17:36:34 - PHP Notice:  Undefined variable: class_suffix in C:\xampp\htdocs\oc2\catalog\view\theme\so-revo\template\extension\module\so_latest_blog\default.tpl on line 1
2017-10-26 17:38:33 - PHP Notice:  Undefined variable: class_suffix in C:\xampp\htdocs\oc2\catalog\view\theme\so-revo\template\extension\module\so_latest_blog\default.tpl on line 1
2017-10-26 17:39:46 - PHP Notice:  Undefined variable: class_suffix in C:\xampp\htdocs\oc2\catalog\view\theme\so-revo\template\extension\module\so_latest_blog\default.tpl on line 1
2017-10-26 17:40:20 - PHP Notice:  Undefined variable: class_suffix in C:\xampp\htdocs\oc2\catalog\view\theme\so-revo\template\extension\module\so_latest_blog\default.tpl on line 1
2017-10-26 17:40:48 - PHP Notice:  Undefined variable: class_suffix in C:\xampp\htdocs\oc2\catalog\view\theme\so-revo\template\extension\module\so_latest_blog\default.tpl on line 1
2017-10-26 17:43:22 - PHP Notice:  Undefined variable: class_suffix in C:\xampp\htdocs\oc2\catalog\view\theme\so-revo\template\extension\module\so_latest_blog\default.tpl on line 1
2017-10-26 17:44:27 - PHP Notice:  Undefined variable: class_suffix in C:\xampp\htdocs\oc2\catalog\view\theme\so-revo\template\extension\module\so_latest_blog\default.tpl on line 1
2017-10-26 17:44:38 - PHP Notice:  Undefined variable: class_suffix in C:\xampp\htdocs\oc2\catalog\view\theme\so-revo\template\extension\module\so_latest_blog\default.tpl on line 1
2017-10-26 18:10:05 - PHP Notice:  Undefined variable: class_suffix in C:\xampp\htdocs\oc2\catalog\view\theme\so-revo\template\extension\module\so_latest_blog\default.tpl on line 1
2017-10-26 18:10:46 - PHP Notice:  Undefined variable: class_suffix in C:\xampp\htdocs\oc2\catalog\view\theme\so-revo\template\extension\module\so_latest_blog\default.tpl on line 1
2017-10-26 18:11:36 - PHP Notice:  Undefined variable: class_suffix in C:\xampp\htdocs\oc2\catalog\view\theme\so-revo\template\extension\module\so_latest_blog\default.tpl on line 1
2017-10-26 18:12:40 - PHP Notice:  Undefined variable: class_suffix in C:\xampp\htdocs\oc2\catalog\view\theme\so-revo\template\extension\module\so_latest_blog\default.tpl on line 1
2017-10-26 18:17:43 - PHP Notice:  Undefined variable: class_suffix in C:\xampp\htdocs\oc2\catalog\view\theme\so-revo\template\extension\module\so_latest_blog\default.tpl on line 1
2017-10-26 18:18:22 - PHP Notice:  Undefined variable: class_suffix in C:\xampp\htdocs\oc2\catalog\view\theme\so-revo\template\extension\module\so_latest_blog\default.tpl on line 1
2017-10-26 18:21:36 - PHP Notice:  Undefined variable: class_suffix in C:\xampp\htdocs\oc2\catalog\view\theme\so-revo\template\extension\module\so_latest_blog\default.tpl on line 1
2017-10-26 18:23:25 - PHP Notice:  Undefined variable: class_suffix in C:\xampp\htdocs\oc2\catalog\view\theme\so-revo\template\extension\module\so_latest_blog\default.tpl on line 1
2017-10-26 18:25:28 - PHP Notice:  Undefined variable: count_reviews in C:\xampp\htdocs\oc2\catalog\view\theme\so-revo\template\product\product.tpl on line 205
2017-10-26 18:25:28 - PHP Notice:  Undefined variable: price_value in C:\xampp\htdocs\oc2\catalog\view\theme\so-revo\template\product\product.tpl on line 217
2017-10-26 18:25:28 - PHP Notice:  Undefined variable: currency in C:\xampp\htdocs\oc2\catalog\view\theme\so-revo\template\product\product.tpl on line 217
2017-10-26 18:27:12 - PHP Notice:  Undefined variable: class_suffix in C:\xampp\htdocs\oc2\catalog\view\theme\so-revo\template\extension\module\so_latest_blog\default.tpl on line 1
2017-10-26 18:27:39 - PHP Notice:  Undefined variable: class_suffix in C:\xampp\htdocs\oc2\catalog\view\theme\so-revo\template\extension\module\so_latest_blog\default.tpl on line 1
2017-10-26 18:27:51 - PHP Notice:  Undefined variable: forgotten in C:\xampp\htdocs\oc2\catalog\view\theme\default\template\extension\module\so_onepagecheckout\default.tpl on line 59
2017-10-26 18:27:55 - PHP Notice:  Undefined variable: class_suffix in C:\xampp\htdocs\oc2\catalog\view\theme\so-revo\template\extension\module\so_latest_blog\default.tpl on line 1
2017-10-26 18:28:13 - PHP Notice:  Undefined variable: class_suffix in C:\xampp\htdocs\oc2\catalog\view\theme\so-revo\template\extension\module\so_latest_blog\default.tpl on line 1
2017-10-26 18:30:59 - PHP Notice:  Undefined variable: class_suffix in C:\xampp\htdocs\oc2\catalog\view\theme\so-revo\template\extension\module\so_latest_blog\default.tpl on line 1
2017-10-26 18:34:05 - PHP Notice:  Undefined variable: class_suffix in C:\xampp\htdocs\oc2\catalog\view\theme\so-revo\template\extension\module\so_latest_blog\default.tpl on line 1
2017-10-26 18:35:21 - PHP Notice:  Undefined variable: class_suffix in C:\xampp\htdocs\oc2\catalog\view\theme\so-revo\template\extension\module\so_latest_blog\default.tpl on line 1
2017-10-26 18:35:32 - PHP Notice:  Undefined variable: class_suffix in C:\xampp\htdocs\oc2\catalog\view\theme\so-revo\template\extension\module\so_latest_blog\default.tpl on line 1
2017-10-26 18:36:21 - PHP Notice:  Undefined variable: class_suffix in C:\xampp\htdocs\oc2\catalog\view\theme\so-revo\template\extension\module\so_latest_blog\default.tpl on line 1
2017-10-26 18:47:05 - PHP Notice:  Undefined variable: class_suffix in C:\xampp\htdocs\oc2\catalog\view\theme\so-revo\template\extension\module\so_latest_blog\default.tpl on line 1
2017-10-26 18:49:09 - PHP Notice:  Undefined variable: class_suffix in C:\xampp\htdocs\oc2\catalog\view\theme\so-revo\template\extension\module\so_latest_blog\default.tpl on line 1
2017-10-26 18:49:18 - PHP Notice:  Undefined variable: class_suffix in C:\xampp\htdocs\oc2\catalog\view\theme\so-revo\template\extension\module\so_latest_blog\default.tpl on line 1
2017-10-26 18:49:49 - PHP Notice:  Undefined variable: class_suffix in C:\xampp\htdocs\oc2\catalog\view\theme\so-revo\template\extension\module\so_latest_blog\default.tpl on line 1
2017-10-26 18:50:58 - PHP Notice:  Undefined variable: class_suffix in C:\xampp\htdocs\oc2\catalog\view\theme\so-revo\template\extension\module\so_latest_blog\default.tpl on line 1
2017-10-26 18:54:45 - PHP Notice:  Undefined variable: forgotten in C:\xampp\htdocs\oc2\catalog\view\theme\default\template\extension\module\so_onepagecheckout\default.tpl on line 59
2017-10-26 18:56:34 - PHP Notice:  Undefined index: type_layout in C:\xampp\htdocs\oc2\admin\view\template\extension\module\so_listing_tabs.tpl on line 186
2017-10-26 18:56:34 - PHP Notice:  Undefined index: type_layout in C:\xampp\htdocs\oc2\admin\view\template\extension\module\so_listing_tabs.tpl on line 186
2017-10-26 19:33:12 - PHP Notice:  Undefined variable: new in C:\xampp\htdocs\oc2\system\storage\modification\admin\view\template\extension\modification.tpl on line 6
2017-10-26 19:33:12 - PHP Notice:  Undefined variable: button_new in C:\xampp\htdocs\oc2\system\storage\modification\admin\view\template\extension\modification.tpl on line 6
2017-10-26 19:33:12 - PHP Notice:  Undefined index: edit in C:\xampp\htdocs\oc2\system\storage\modification\admin\view\template\extension\modification.tpl on line 96
2017-10-26 19:33:12 - PHP Notice:  Undefined variable: button_edit in C:\xampp\htdocs\oc2\system\storage\modification\admin\view\template\extension\modification.tpl on line 96
2017-10-26 19:33:12 - PHP Notice:  Undefined index: download in C:\xampp\htdocs\oc2\system\storage\modification\admin\view\template\extension\modification.tpl on line 97
2017-10-26 19:33:12 - PHP Notice:  Undefined variable: button_download in C:\xampp\htdocs\oc2\system\storage\modification\admin\view\template\extension\modification.tpl on line 97
2017-10-26 19:33:12 - PHP Notice:  Undefined index: edit in C:\xampp\htdocs\oc2\system\storage\modification\admin\view\template\extension\modification.tpl on line 96
2017-10-26 19:33:12 - PHP Notice:  Undefined variable: button_edit in C:\xampp\htdocs\oc2\system\storage\modification\admin\view\template\extension\modification.tpl on line 96
2017-10-26 19:33:12 - PHP Notice:  Undefined index: download in C:\xampp\htdocs\oc2\system\storage\modification\admin\view\template\extension\modification.tpl on line 97
2017-10-26 19:33:12 - PHP Notice:  Undefined variable: button_download in C:\xampp\htdocs\oc2\system\storage\modification\admin\view\template\extension\modification.tpl on line 97
2017-10-26 19:33:12 - PHP Notice:  Undefined index: edit in C:\xampp\htdocs\oc2\system\storage\modification\admin\view\template\extension\modification.tpl on line 96
2017-10-26 19:33:12 - PHP Notice:  Undefined variable: button_edit in C:\xampp\htdocs\oc2\system\storage\modification\admin\view\template\extension\modification.tpl on line 96
2017-10-26 19:33:12 - PHP Notice:  Undefined index: download in C:\xampp\htdocs\oc2\system\storage\modification\admin\view\template\extension\modification.tpl on line 97
2017-10-26 19:33:12 - PHP Notice:  Undefined variable: button_download in C:\xampp\htdocs\oc2\system\storage\modification\admin\view\template\extension\modification.tpl on line 97
2017-10-26 19:50:24 - PHP Notice:  Undefined variable: typeheader in C:\xampp\htdocs\oc2\system\soconfig\classes\soconfig.php on line 194
2017-10-26 19:50:24 - PHP Notice:  Undefined variable: typeheader in C:\xampp\htdocs\oc2\system\soconfig\classes\soconfig.php on line 195
2017-10-26 19:50:24 - PHP Notice:  Undefined variable: typefooter in C:\xampp\htdocs\oc2\system\soconfig\classes\soconfig.php on line 196
2017-10-26 19:50:24 - PHP Notice:  Undefined variable: typefooter in C:\xampp\htdocs\oc2\system\soconfig\classes\soconfig.php on line 197
2017-10-26 20:00:21 - PHP Notice:  Undefined index: footer_display4 in C:\xampp\htdocs\oc2\admin\view\template\extension\module\so_newletter_custom_popup\so_newletter_custom_popup.tpl on line 430
2017-10-26 20:00:21 - PHP Notice:  Undefined index: footer_display4 in C:\xampp\htdocs\oc2\admin\view\template\extension\module\so_newletter_custom_popup\so_newletter_custom_popup.tpl on line 439
2017-10-26 20:00:21 - PHP Notice:  Undefined index: footer_display5 in C:\xampp\htdocs\oc2\admin\view\template\extension\module\so_newletter_custom_popup\so_newletter_custom_popup.tpl on line 430
2017-10-26 20:00:21 - PHP Notice:  Undefined index: footer_display5 in C:\xampp\htdocs\oc2\admin\view\template\extension\module\so_newletter_custom_popup\so_newletter_custom_popup.tpl on line 439
2017-10-26 20:00:32 - PHP Notice:  Undefined index: type_layout in C:\xampp\htdocs\oc2\admin\view\template\extension\module\so_basic_products.tpl on line 178
2017-10-26 20:00:32 - PHP Notice:  Undefined index: type_layout in C:\xampp\htdocs\oc2\admin\view\template\extension\module\so_basic_products.tpl on line 178
2017-10-26 20:00:51 - PHP Notice:  Undefined index: type_layout in C:\xampp\htdocs\oc2\admin\view\template\extension\module\so_extra_slider.tpl on line 181
2017-10-26 20:00:51 - PHP Notice:  Undefined index: type_layout in C:\xampp\htdocs\oc2\admin\view\template\extension\module\so_extra_slider.tpl on line 181
2017-10-26 20:00:51 - PHP Notice:  Undefined index: type_layout in C:\xampp\htdocs\oc2\admin\view\template\extension\module\so_extra_slider.tpl on line 181
2017-10-26 20:39:24 - PHP Notice:  Undefined variable: typeheader in C:\xampp\htdocs\oc2\system\soconfig\classes\soconfig.php on line 194
2017-10-26 20:39:24 - PHP Notice:  Undefined variable: typeheader in C:\xampp\htdocs\oc2\system\soconfig\classes\soconfig.php on line 195
2017-10-26 20:39:24 - PHP Notice:  Undefined variable: typefooter in C:\xampp\htdocs\oc2\system\soconfig\classes\soconfig.php on line 196
2017-10-26 20:39:24 - PHP Notice:  Undefined variable: typefooter in C:\xampp\htdocs\oc2\system\soconfig\classes\soconfig.php on line 197
2017-10-26 20:43:16 - PHP Notice:  Undefined index: type_layout in C:\xampp\htdocs\oc2\admin\view\template\extension\module\so_html_content.tpl on line 95
2017-10-26 20:48:20 - PHP Notice:  Undefined index: type_layout in C:\xampp\htdocs\oc2\admin\view\template\extension\module\so_html_content.tpl on line 95
2017-10-26 20:50:32 - PHP Notice:  Undefined index: type_layout in C:\xampp\htdocs\oc2\admin\view\template\extension\module\so_html_content.tpl on line 95
2017-10-26 22:52:04 - PHP Notice:  Undefined index: path in C:\xampp\htdocs\oc2\admin\controller\extension\module\so_listing_tabs.php on line 167
2017-10-26 22:52:04 - PHP Notice:  Undefined index: name in C:\xampp\htdocs\oc2\admin\controller\extension\module\so_listing_tabs.php on line 167
2017-10-26 22:52:20 - PHP Notice:  Undefined index: path in C:\xampp\htdocs\oc2\admin\controller\extension\module\so_listing_tabs.php on line 167
2017-10-26 22:52:20 - PHP Notice:  Undefined index: name in C:\xampp\htdocs\oc2\admin\controller\extension\module\so_listing_tabs.php on line 167
2017-10-26 22:52:36 - PHP Notice:  Undefined index: path in C:\xampp\htdocs\oc2\admin\controller\extension\module\so_listing_tabs.php on line 167
2017-10-26 22:52:36 - PHP Notice:  Undefined index: name in C:\xampp\htdocs\oc2\admin\controller\extension\module\so_listing_tabs.php on line 167
2017-10-26 22:52:45 - PHP Notice:  Undefined index: path in C:\xampp\htdocs\oc2\admin\controller\extension\module\so_listing_tabs.php on line 167
2017-10-26 22:52:45 - PHP Notice:  Undefined index: name in C:\xampp\htdocs\oc2\admin\controller\extension\module\so_listing_tabs.php on line 167
2017-10-26 22:53:03 - PHP Notice:  Undefined index: path in C:\xampp\htdocs\oc2\admin\controller\extension\module\so_listing_tabs.php on line 167
2017-10-26 22:53:03 - PHP Notice:  Undefined index: name in C:\xampp\htdocs\oc2\admin\controller\extension\module\so_listing_tabs.php on line 167
2017-10-26 22:53:06 - PHP Notice:  Undefined index: path in C:\xampp\htdocs\oc2\admin\controller\extension\module\so_listing_tabs.php on line 167
2017-10-26 22:53:06 - PHP Notice:  Undefined index: name in C:\xampp\htdocs\oc2\admin\controller\extension\module\so_listing_tabs.php on line 167
2017-10-26 23:18:30 - PHP Notice:  Undefined index: specialPriceToDate in C:\xampp\htdocs\oc2\catalog\view\theme\so-revo\template\extension\module\so_category_slider\default.tpl on line 99
2017-10-26 23:18:57 - PHP Notice:  Undefined index: specialPriceToDate in C:\xampp\htdocs\oc2\catalog\view\theme\so-revo\template\extension\module\so_category_slider\default.tpl on line 99
2017-10-26 23:27:34 - PHP Notice:  Undefined index: type_layout in C:\xampp\htdocs\oc2\admin\view\template\extension\module\so_html_content.tpl on line 95
2017-10-27 1:56:23 - PHP Notice:  Undefined variable: count_reviews in C:\xampp\htdocs\oc2\catalog\view\theme\so-revo\template\product\product.tpl on line 205
2017-10-27 1:56:23 - PHP Notice:  Undefined variable: price_value in C:\xampp\htdocs\oc2\catalog\view\theme\so-revo\template\product\product.tpl on line 217
2017-10-27 1:56:23 - PHP Notice:  Undefined variable: currency in C:\xampp\htdocs\oc2\catalog\view\theme\so-revo\template\product\product.tpl on line 217
2017-10-27 1:57:11 - PHP Notice:  Undefined variable: forgotten in C:\xampp\htdocs\oc2\catalog\view\theme\default\template\extension\module\so_onepagecheckout\default.tpl on line 59
2017-10-27 1:57:30 - PHP Notice:  Undefined variable: forgotten in C:\xampp\htdocs\oc2\catalog\view\theme\default\template\extension\module\so_onepagecheckout\default.tpl on line 59
2017-10-27 1:57:41 - PHP Warning:  substr_compare(): The start position cannot exceed initial string length in C:\xampp\htdocs\oc2\admin\controller\payment\paystack.php on line 188
2017-10-27 2:02:21 - PHP Notice:  Undefined variable: forgotten in C:\xampp\htdocs\oc2\catalog\view\theme\default\template\extension\module\so_onepagecheckout\default.tpl on line 59
2017-10-27 2:02:59 - PHP Notice:  Undefined variable: forgotten in C:\xampp\htdocs\oc2\catalog\view\theme\default\template\extension\module\so_onepagecheckout\default.tpl on line 59
2017-10-27 2:03:19 - PHP Notice:  Undefined variable: count_reviews in C:\xampp\htdocs\oc2\catalog\view\theme\so-revo\template\product\product.tpl on line 205
2017-10-27 2:03:19 - PHP Notice:  Undefined variable: price_value in C:\xampp\htdocs\oc2\catalog\view\theme\so-revo\template\product\product.tpl on line 217
2017-10-27 2:03:19 - PHP Notice:  Undefined variable: currency in C:\xampp\htdocs\oc2\catalog\view\theme\so-revo\template\product\product.tpl on line 217
2017-10-27 2:03:34 - PHP Notice:  Undefined variable: forgotten in C:\xampp\htdocs\oc2\catalog\view\theme\default\template\extension\module\so_onepagecheckout\default.tpl on line 59
2017-10-27 2:04:38 - PHP Notice:  Undefined variable: forgotten in C:\xampp\htdocs\oc2\catalog\view\theme\default\template\extension\module\so_onepagecheckout\default.tpl on line 59
2017-10-27 2:04:46 - PHP Notice:  Undefined variable: forgotten in C:\xampp\htdocs\oc2\catalog\view\theme\default\template\extension\module\so_onepagecheckout\default.tpl on line 59
2017-10-27 2:12:37 - PHP Notice:  Undefined variable: forgotten in C:\xampp\htdocs\oc2\catalog\view\theme\default\template\extension\module\so_onepagecheckout\default.tpl on line 59
2017-10-27 2:14:55 - PHP Notice:  Undefined variable: forgotten in C:\xampp\htdocs\oc2\catalog\view\theme\default\template\extension\module\so_onepagecheckout\default.tpl on line 59
2017-10-27 2:15:47 - PHP Warning:  mail(): Failed to connect to mailserver at &quot;localhost&quot; port 25, verify your &quot;SMTP&quot; and &quot;smtp_port&quot; setting in php.ini or use ini_set() in C:\xampp\htdocs\oc2\system\library\mail.php on line 158
2017-10-27 2:17:44 - PHP Notice:  Undefined index: type_layout in C:\xampp\htdocs\oc2\admin\view\template\extension\module\so_html_content.tpl on line 95
2017-10-27 2:23:05 - PHP Notice:  Undefined variable: register_form in C:\xampp\htdocs\oc2\catalog\view\theme\default\template\extension\module\so_onepagecheckout\default.tpl on line 67
2017-10-27 2:23:28 - PHP Warning:  mail(): Failed to connect to mailserver at &quot;localhost&quot; port 25, verify your &quot;SMTP&quot; and &quot;smtp_port&quot; setting in php.ini or use ini_set() in C:\xampp\htdocs\oc2\system\library\mail.php on line 158
2017-10-27 2:48:44 - PHP Notice:  Undefined variable: register_form in C:\xampp\htdocs\oc2\catalog\view\theme\default\template\extension\module\so_onepagecheckout\default.tpl on line 67
2017-10-27 2:56:28 - PHP Notice:  Undefined variable: register_form in C:\xampp\htdocs\oc2\catalog\view\theme\default\template\extension\module\so_onepagecheckout\default.tpl on line 67
2017-10-27 2:57:24 - PHP Notice:  Undefined variable: register_form in C:\xampp\htdocs\oc2\catalog\view\theme\default\template\extension\module\so_onepagecheckout\default.tpl on line 67
2017-10-27 3:06:40 - PHP Notice:  Undefined variable: register_form in C:\xampp\htdocs\oc2\catalog\view\theme\default\template\extension\module\so_onepagecheckout\default.tpl on line 67
2017-10-27 3:07:12 - PHP Notice:  Undefined variable: register_form in C:\xampp\htdocs\oc2\catalog\view\theme\default\template\extension\module\so_onepagecheckout\default.tpl on line 67
2017-10-27 3:13:51 - PHP Notice:  Undefined variable: register_form in C:\xampp\htdocs\oc2\catalog\view\theme\default\template\extension\module\so_onepagecheckout\default.tpl on line 67
2017-10-27 3:14:04 - PHP Notice:  Undefined variable: register_form in C:\xampp\htdocs\oc2\catalog\view\theme\default\template\extension\module\so_onepagecheckout\default.tpl on line 67
2017-10-27 3:14:27 - PHP Warning:  mail(): Failed to connect to mailserver at &quot;localhost&quot; port 25, verify your &quot;SMTP&quot; and &quot;smtp_port&quot; setting in php.ini or use ini_set() in C:\xampp\htdocs\oc2\system\library\mail.php on line 158
